<?xml version="1.0" encoding="UTF-8"?>
<testng-results ignored="0" total="1" passed="1" failed="0" skipped="0">
  <reporter-output>
  </reporter-output>
  <suite started-at="2024-03-08T12:04:02 IST" name="Default suite" finished-at="2024-03-08T12:04:06 IST" duration-ms="4319">
    <groups>
    </groups>
    <test started-at="2024-03-08T12:04:02 IST" name="Default test" finished-at="2024-03-08T12:04:06 IST" duration-ms="4319">
      <class name="specbuilder.CreateUser">
        <test-method is-config="true" signature="initRequestAndResponseSpecBuilder()[pri:0, instance:specbuilder.CreateUser@34a3d150]" started-at="2024-03-08T12:04:02 IST" name="initRequestAndResponseSpecBuilder" finished-at="2024-03-08T12:04:03 IST" duration-ms="832" status="PASS">
          <reporter-output>
          </reporter-output>
        </test-method> <!-- initRequestAndResponseSpecBuilder -->
        <test-method signature="createUser()[pri:0, instance:specbuilder.CreateUser@34a3d150]" started-at="2024-03-08T12:04:03 IST" name="createUser" finished-at="2024-03-08T12:04:06 IST" duration-ms="3423" status="PASS">
          <reporter-output>
          </reporter-output>
        </test-method> <!-- createUser -->
      </class> <!-- specbuilder.CreateUser -->
    </test> <!-- Default test -->
  </suite> <!-- Default suite -->
</testng-results>
